<?xml version="1.0" encoding="UTF-8"?>
<!-- Generated by org.testng.reporters.JUnitReportReporter -->
<testsuite hostname="Sreerams-MacBook-Pro.local" failures="0" tests="2" name="Testcomponents.Errorvalidations" time="36.047" errors="0" timestamp="2025-06-17T22:21:28 IST" skipped="0">
  <testcase classname="Testcomponents.Errorvalidations" name="ProductErrorValidation" time="21.833"/>
  <system-out/>
  <testcase classname="Testcomponents.Errorvalidations" name="LoginErrorValidation" time="14.214"/>
  <system-out/>
</testsuite> <!-- Testcomponents.Errorvalidations -->
