<?xml version="1.0" encoding="UTF-8"?>
<!-- Generated by org.testng.reporters.JUnitReportReporter -->
<testsuite hostname="Sreerams-MacBook-Pro.local" failures="0" tests="1" name="Cucumber.TestRunner" time="29.688" errors="0" timestamp="2025-06-25T21:10:18 IST" skipped="0">
  <testcase classname="Cucumber.TestRunner" name="runScenario" time="29.688"/>
  <system-out/>
</testsuite> <!-- Cucumber.TestRunner -->
