<?xml version="1.0" encoding="UTF-8"?>
<!-- Generated by org.testng.reporters.JUnitReportReporter -->
<testsuite hostname="Sreerams-MacBook-Pro.local" failures="0" tests="1" name="Rahulshettyacademy.Designframework.Standalonetest" time="31.787" errors="0" timestamp="2025-06-17T13:59:57 IST" skipped="0">
  <testcase classname="Rahulshettyacademy.Designframework.Standalonetest" name="submitOrder" time="31.787"/>
  <system-out/>
</testsuite> <!-- Rahulshettyacademy.Designframework.Standalonetest -->
