<?xml version="1.0" encoding="UTF-8"?>
<!-- Generated by org.testng.reporters.JUnitReportReporter -->
<testsuite hostname="Sreerams-MacBook-Pro.local" failures="0" tests="2" name="com.Testcomponents.Errorvalidationstest" time="34.780" errors="0" timestamp="2025-06-21T14:54:57 IST" skipped="0">
  <testcase classname="com.Testcomponents.Errorvalidationstest" name="LoginErrorValidation" time="12.852"/>
  <system-out/>
  <testcase classname="com.Testcomponents.Errorvalidationstest" name="ProductErrorValidation" time="21.928"/>
  <system-out/>
</testsuite> <!-- com.Testcomponents.Errorvalidationstest -->
